<?xml version="1.0" encoding="UTF-8"?>
<testng-results skipped="0" failed="0" ignored="0" total="1" passed="1">
  <reporter-output>
  </reporter-output>
  <suite name="Default suite" duration-ms="48555" started-at="2017-11-05T07:32:54Z" finished-at="2017-11-05T07:33:43Z">
    <groups>
    </groups>
    <test name="Default test" duration-ms="48555" started-at="2017-11-05T07:32:54Z" finished-at="2017-11-05T07:33:43Z">
      <class name="novSessionP1.launchApp">
        <test-method status="PASS" signature="BeforeTest()[pri:0, instance:novSessionP1.launchApp@5e5792a0]" name="BeforeTest" is-config="true" duration-ms="20618" started-at="2017-11-05T13:02:54Z" finished-at="2017-11-05T13:03:15Z">
          <reporter-output>
          </reporter-output>
        </test-method> <!-- BeforeTest -->
        <test-method status="PASS" signature="TestMethod()[pri:0, instance:novSessionP1.launchApp@5e5792a0]" name="TestMethod" duration-ms="27903" started-at="2017-11-05T13:03:15Z" finished-at="2017-11-05T13:03:43Z">
          <reporter-output>
          </reporter-output>
        </test-method> <!-- TestMethod -->
        <test-method status="PASS" signature="AfterTest()[pri:0, instance:novSessionP1.launchApp@5e5792a0]" name="AfterTest" is-config="true" duration-ms="0" started-at="2017-11-05T13:03:43Z" finished-at="2017-11-05T13:03:43Z">
          <reporter-output>
          </reporter-output>
        </test-method> <!-- AfterTest -->
      </class> <!-- novSessionP1.launchApp -->
    </test> <!-- Default test -->
  </suite> <!-- Default suite -->
</testng-results>
