<?xml version="1.0" encoding="UTF-8"?>
<testng-results skipped="0" failed="0" total="1" passed="1">
  <reporter-output>
  </reporter-output>
  <suite name="Default suite" duration-ms="28348" started-at="2017-11-05T10:18:48Z" finished-at="2017-11-05T10:19:16Z">
    <groups>
    </groups>
    <test name="Default test" duration-ms="28348" started-at="2017-11-05T10:18:48Z" finished-at="2017-11-05T10:19:16Z">
      <class name="novSessionP1.swipe">
        <test-method status="PASS" signature="BeforeTest()[pri:0, instance:novSessionP1.swipe@1753acfe]" name="BeforeTest" is-config="true" duration-ms="22981" started-at="2017-11-05T15:48:48Z" finished-at="2017-11-05T15:49:11Z">
          <reporter-output>
          </reporter-output>
        </test-method> <!-- BeforeTest -->
        <test-method status="PASS" signature="swipeHorizontal()[pri:0, instance:novSessionP1.swipe@1753acfe]" name="swipeHorizontal" duration-ms="5340" started-at="2017-11-05T15:49:11Z" finished-at="2017-11-05T15:49:16Z">
          <reporter-output>
          </reporter-output>
        </test-method> <!-- swipeHorizontal -->
        <test-method status="PASS" signature="AfterTest()[pri:0, instance:novSessionP1.swipe@1753acfe]" name="AfterTest" is-config="true" duration-ms="0" started-at="2017-11-05T15:49:16Z" finished-at="2017-11-05T15:49:16Z">
          <reporter-output>
          </reporter-output>
        </test-method> <!-- AfterTest -->
      </class> <!-- novSessionP1.swipe -->
    </test> <!-- Default test -->
  </suite> <!-- Default suite -->
</testng-results>
